<?xml version="1.0" encoding="UTF-8"?>
<!-- Generated by org.testng.reporters.JUnitReportReporter -->
<testsuite hostname="LAPTOP-6HQP583J" failures="0" tests="1" name="com.hrms.testscripts.TC102" time="6.025" errors="0" timestamp="1 Dec 2023 05:32:59 GMT">
  <testcase classname="com.hrms.testscripts.TC102" name="tc102" time="6.025"/>
</testsuite> <!-- com.hrms.testscripts.TC102 -->
